<?xml version="1.0" encoding="UTF-8"?>
<testng-results skipped="0" failed="0" ignored="0" total="2" passed="2">
  <reporter-output>
  </reporter-output>
  <suite name="Default suite" duration-ms="34739" started-at="2020-08-25T14:01:18Z" finished-at="2020-08-25T14:01:53Z">
    <groups>
    </groups>
    <test name="Default test" duration-ms="34739" started-at="2020-08-25T14:01:18Z" finished-at="2020-08-25T14:01:53Z">
      <class name="com.crm.qa.testcases.LoginPageTest">
        <test-method status="PASS" signature="setUp()[pri:0, instance:com.crm.qa.testcases.LoginPageTest@548e7350]" name="setUp" is-config="true" duration-ms="17119" started-at="2020-08-25T14:01:18Z" finished-at="2020-08-25T14:01:35Z">
          <reporter-output>
          </reporter-output>
        </test-method> <!-- setUp -->
        <test-method status="PASS" signature="loginPageTitleTest()[pri:1, instance:com.crm.qa.testcases.LoginPageTest@548e7350]" name="loginPageTitleTest" duration-ms="57" started-at="2020-08-25T14:01:35Z" finished-at="2020-08-25T14:01:35Z">
          <reporter-output>
          </reporter-output>
        </test-method> <!-- loginPageTitleTest -->
        <test-method status="PASS" signature="tearDown()[pri:0, instance:com.crm.qa.testcases.LoginPageTest@548e7350]" name="tearDown" is-config="true" duration-ms="674" started-at="2020-08-25T14:01:35Z" finished-at="2020-08-25T14:01:36Z">
          <reporter-output>
          </reporter-output>
        </test-method> <!-- tearDown -->
        <test-method status="PASS" signature="setUp()[pri:0, instance:com.crm.qa.testcases.LoginPageTest@548e7350]" name="setUp" is-config="true" duration-ms="15807" started-at="2020-08-25T14:01:36Z" finished-at="2020-08-25T14:01:51Z">
          <reporter-output>
          </reporter-output>
        </test-method> <!-- setUp -->
        <test-method status="PASS" signature="loginTest()[pri:2, instance:com.crm.qa.testcases.LoginPageTest@548e7350]" name="loginTest" duration-ms="392" started-at="2020-08-25T14:01:51Z" finished-at="2020-08-25T14:01:52Z">
          <reporter-output>
          </reporter-output>
        </test-method> <!-- loginTest -->
        <test-method status="PASS" signature="tearDown()[pri:0, instance:com.crm.qa.testcases.LoginPageTest@548e7350]" name="tearDown" is-config="true" duration-ms="662" started-at="2020-08-25T14:01:52Z" finished-at="2020-08-25T14:01:53Z">
          <reporter-output>
          </reporter-output>
        </test-method> <!-- tearDown -->
      </class> <!-- com.crm.qa.testcases.LoginPageTest -->
    </test> <!-- Default test -->
  </suite> <!-- Default suite -->
</testng-results>
